{"C:\\Users\\Usuario\\Desktop\\Projects\\ShortLinks\\src\\handlers\\shorten.ts": {"path":"C:\\Users\\Usuario\\Desktop\\Projects\\ShortLinks\\src\\handlers\\shorten.ts","statementMap":{"0":{"start":{"line":6,"column":19},"end":{"line":6,"column":null}},"1":{"start":{"line":8,"column":23},"end":{"line":86,"column":null}},"2":{"start":{"line":9,"column":2},"end":{"line":9,"column":null}},"3":{"start":{"line":11,"column":2},"end":{"line":85,"column":null}},"4":{"start":{"line":12,"column":4},"end":{"line":18,"column":null}},"5":{"start":{"line":13,"column":6},"end":{"line":13,"column":null}},"6":{"start":{"line":14,"column":6},"end":{"line":17,"column":null}},"7":{"start":{"line":20,"column":4},"end":{"line":26,"column":null}},"8":{"start":{"line":21,"column":6},"end":{"line":21,"column":null}},"9":{"start":{"line":22,"column":6},"end":{"line":25,"column":null}},"10":{"start":{"line":28,"column":24},"end":{"line":28,"column":null}},"11":{"start":{"line":30,"column":4},"end":{"line":36,"column":null}},"12":{"start":{"line":31,"column":6},"end":{"line":31,"column":null}},"13":{"start":{"line":32,"column":6},"end":{"line":35,"column":null}},"14":{"start":{"line":38,"column":4},"end":{"line":46,"column":null}},"15":{"start":{"line":39,"column":6},"end":{"line":39,"column":null}},"16":{"start":{"line":41,"column":6},"end":{"line":41,"column":null}},"17":{"start":{"line":42,"column":6},"end":{"line":45,"column":null}},"18":{"start":{"line":48,"column":10},"end":{"line":48,"column":null}},"19":{"start":{"line":49,"column":22},"end":{"line":49,"column":null}},"20":{"start":{"line":51,"column":17},"end":{"line":56,"column":null}},"21":{"start":{"line":58,"column":4},"end":{"line":58,"column":null}},"22":{"start":{"line":60,"column":4},"end":{"line":65,"column":null}},"23":{"start":{"line":67,"column":4},"end":{"line":67,"column":null}},"24":{"start":{"line":69,"column":4},"end":{"line":78,"column":null}},"25":{"start":{"line":80,"column":4},"end":{"line":80,"column":null}},"26":{"start":{"line":81,"column":4},"end":{"line":84,"column":null}}},"fnMap":{"0":{"name":"(anonymous_0)","decl":{"start":{"line":8,"column":23},"end":{"line":8,"column":30}},"loc":{"start":{"line":8,"column":94},"end":{"line":86,"column":null}},"line":8}},"branchMap":{"0":{"loc":{"start":{"line":12,"column":4},"end":{"line":18,"column":null}},"type":"if","locations":[{"start":{"line":12,"column":4},"end":{"line":18,"column":null}},{"start":{},"end":{}}],"line":12},"1":{"loc":{"start":{"line":20,"column":4},"end":{"line":26,"column":null}},"type":"if","locations":[{"start":{"line":20,"column":4},"end":{"line":26,"column":null}},{"start":{},"end":{}}],"line":20},"2":{"loc":{"start":{"line":30,"column":4},"end":{"line":36,"column":null}},"type":"if","locations":[{"start":{"line":30,"column":4},"end":{"line":36,"column":null}},{"start":{},"end":{}}],"line":30},"3":{"loc":{"start":{"line":30,"column":8},"end":{"line":30,"column":49}},"type":"binary-expr","locations":[{"start":{"line":30,"column":8},"end":{"line":30,"column":20}},{"start":{"line":30,"column":20},"end":{"line":30,"column":49}}],"line":30},"4":{"loc":{"start":{"line":76,"column":29},"end":{"line":76,"column":76}},"type":"binary-expr","locations":[{"start":{"line":76,"column":29},"end":{"line":76,"column":64}},{"start":{"line":76,"column":64},"end":{"line":76,"column":76}}],"line":76}},"s":{"0":6,"1":6,"2":6,"3":6,"4":6,"5":1,"6":1,"7":5,"8":1,"9":1,"10":4,"11":4,"12":1,"13":1,"14":3,"15":3,"16":1,"17":1,"18":2,"19":2,"20":2,"21":2,"22":2,"23":1,"24":1,"25":1,"26":1},"f":{"0":6},"b":{"0":[1,5],"1":[1,4],"2":[1,3],"3":[4,3],"4":[1,0]},"meta":{"lastBranch":5,"lastFunction":1,"lastStatement":27,"seen":{"s:6:19:6:Infinity":0,"s:8:23:86:Infinity":1,"f:8:23:8:30":0,"s:9:2:9:Infinity":2,"s:11:2:85:Infinity":3,"b:12:4:18:Infinity:undefined:undefined:undefined:undefined":0,"s:12:4:18:Infinity":4,"s:13:6:13:Infinity":5,"s:14:6:17:Infinity":6,"b:20:4:26:Infinity:undefined:undefined:undefined:undefined":1,"s:20:4:26:Infinity":7,"s:21:6:21:Infinity":8,"s:22:6:25:Infinity":9,"s:28:24:28:Infinity":10,"b:30:4:36:Infinity:undefined:undefined:undefined:undefined":2,"s:30:4:36:Infinity":11,"b:30:8:30:20:30:20:30:49":3,"s:31:6:31:Infinity":12,"s:32:6:35:Infinity":13,"s:38:4:46:Infinity":14,"s:39:6:39:Infinity":15,"s:41:6:41:Infinity":16,"s:42:6:45:Infinity":17,"s:48:10:48:Infinity":18,"s:49:22:49:Infinity":19,"s:51:17:56:Infinity":20,"s:58:4:58:Infinity":21,"s:60:4:65:Infinity":22,"s:67:4:67:Infinity":23,"s:69:4:78:Infinity":24,"b:76:29:76:64:76:64:76:76":4,"s:80:4:80:Infinity":25,"s:81:4:84:Infinity":26}}}
,"C:\\Users\\Usuario\\Desktop\\Projects\\ShortLinks\\src\\utils\\db.ts": {"path":"C:\\Users\\Usuario\\Desktop\\Projects\\ShortLinks\\src\\utils\\db.ts","statementMap":{"0":{"start":{"line":4,"column":15},"end":{"line":4,"column":null}},"1":{"start":{"line":6,"column":0},"end":{"line":6,"column":null}},"2":{"start":{"line":8,"column":15},"end":{"line":8,"column":null}},"3":{"start":{"line":10,"column":24},"end":{"line":15,"column":null}}},"fnMap":{},"branchMap":{"0":{"loc":{"start":{"line":4,"column":15},"end":{"line":4,"column":null}},"type":"binary-expr","locations":[{"start":{"line":4,"column":15},"end":{"line":4,"column":41}},{"start":{"line":4,"column":41},"end":{"line":4,"column":null}}],"line":4}},"s":{"0":1,"1":1,"2":1,"3":1},"f":{},"b":{"0":[1,1]},"meta":{"lastBranch":1,"lastFunction":0,"lastStatement":4,"seen":{"s:4:15:4:Infinity":0,"b:4:15:4:41:4:41:4:Infinity":0,"s:6:0:6:Infinity":1,"s:8:15:8:Infinity":2,"s:10:24:15:Infinity":3}}}
,"C:\\Users\\Usuario\\Desktop\\Projects\\ShortLinks\\src\\utils\\generator.ts": {"path":"C:\\Users\\Usuario\\Desktop\\Projects\\ShortLinks\\src\\utils\\generator.ts","statementMap":{"0":{"start":{"line":4,"column":2},"end":{"line":14,"column":null}},"1":{"start":{"line":5,"column":10},"end":{"line":7,"column":null}},"2":{"start":{"line":9,"column":4},"end":{"line":9,"column":null}},"3":{"start":{"line":10,"column":4},"end":{"line":10,"column":null}},"4":{"start":{"line":12,"column":4},"end":{"line":12,"column":null}},"5":{"start":{"line":13,"column":4},"end":{"line":13,"column":null}}},"fnMap":{"0":{"name":"generateShortCode","decl":{"start":{"line":3,"column":16},"end":{"line":3,"column":34}},"loc":{"start":{"line":3,"column":62},"end":{"line":15,"column":null}},"line":3}},"branchMap":{"0":{"loc":{"start":{"line":3,"column":34},"end":{"line":3,"column":62}},"type":"default-arg","locations":[{"start":{"line":3,"column":51},"end":{"line":3,"column":62}}],"line":3}},"s":{"0":5,"1":5,"2":5,"3":5,"4":1,"5":1},"f":{"0":5},"b":{"0":[5]},"meta":{"lastBranch":1,"lastFunction":1,"lastStatement":6,"seen":{"f:3:16:3:34":0,"b:3:51:3:62":0,"s:4:2:14:Infinity":0,"s:5:10:7:Infinity":1,"s:9:4:9:Infinity":2,"s:10:4:10:Infinity":3,"s:12:4:12:Infinity":4,"s:13:4:13:Infinity":5}}}
}
